#INFO [2024-12-13 20:11:06,241] - Бот запущен!
#INFO [2024-12-13 20:11:25,864] - Бот остановлен вручную!
#INFO [2024-12-13 20:11:25,864] - Сессия закрыта.
#INFO [2024-12-13 20:14:01,829] - Бот запущен!
#INFO [2024-12-13 20:14:13,936] - Бот остановлен вручную!
#INFO [2024-12-13 20:14:13,936] - Сессия закрыта.
#INFO [2024-12-13 20:16:32,886] - Бот запущен!
#INFO [2024-12-13 20:18:39,537] - Бот остановлен вручную!
#INFO [2024-12-13 20:18:39,537] - Сессия закрыта.
#INFO [2024-12-13 20:18:46,908] - Бот запущен!
#INFO [2024-12-13 20:33:08,279] - Бот остановлен вручную!
#INFO [2024-12-13 20:33:08,279] - Сессия закрыта.
#INFO [2024-12-13 20:37:19,215] - Бот запущен!
#INFO [2024-12-13 20:46:14,112] - Бот остановлен вручную!
#INFO [2024-12-13 20:46:14,112] - Сессия закрыта.
#INFO [2024-12-13 20:46:51,255] - Бот запущен!
#INFO [2024-12-13 20:56:02,062] - Бот остановлен вручную!
#INFO [2024-12-13 20:56:02,062] - Сессия закрыта.
#INFO [2024-12-13 21:04:55,903] - Бот запущен!
#INFO [2024-12-13 21:06:44,320] - Бот остановлен вручную!
#INFO [2024-12-13 21:06:44,320] - Сессия закрыта.
#INFO [2024-12-13 21:06:56,790] - Бот запущен!
#INFO [2024-12-13 21:07:54,528] - Бот остановлен вручную!
#INFO [2024-12-13 21:07:54,528] - Сессия закрыта.
#INFO [2024-12-13 21:08:02,845] - Бот запущен!
#INFO [2024-12-13 21:10:08,952] - Бот остановлен вручную!
#INFO [2024-12-13 21:10:08,952] - Сессия закрыта.
#INFO [2024-12-13 21:11:21,885] - Бот запущен!
#INFO [2024-12-13 21:12:03,981] - Бот остановлен вручную!
#INFO [2024-12-13 21:12:03,981] - Сессия закрыта.
#INFO [2024-12-13 21:12:10,862] - Бот запущен!
#INFO [2024-12-13 21:13:36,085] - Бот остановлен вручную!
#INFO [2024-12-13 21:13:36,085] - Сессия закрыта.
#INFO [2024-12-13 21:13:42,296] - Бот запущен!
#INFO [2024-12-13 21:13:56,030] - Бот остановлен вручную!
#INFO [2024-12-13 21:13:56,030] - Сессия закрыта.
#INFO [2024-12-13 21:14:02,706] - Бот запущен!
#INFO [2024-12-13 21:14:41,182] - Бот остановлен вручную!
#INFO [2024-12-13 21:14:41,182] - Сессия закрыта.
#INFO [2024-12-13 21:14:46,835] - Бот запущен!
#INFO [2024-12-13 21:16:03,503] - Бот остановлен вручную!
#INFO [2024-12-13 21:16:03,503] - Сессия закрыта.
#INFO [2024-12-13 21:16:23,046] - Бот запущен!
#INFO [2024-12-13 21:17:43,686] - Бот остановлен вручную!
#INFO [2024-12-13 21:17:43,686] - Сессия закрыта.
#INFO [2024-12-13 21:17:54,735] - Бот запущен!
#INFO [2024-12-13 21:36:33,472] - Создан заказ: {'invoice_id': 17070851, 'hash': 'IVob2XoqUPcQ', 'currency_type': 'crypto', 'asset': 'USDT', 'amount': '11.99', 'pay_url': 'https://t.me/CryptoBot?start=IVob2XoqUPcQ', 'bot_invoice_url': 'https://t.me/CryptoBot?start=IVob2XoqUPcQ', 'mini_app_invoice_url': 'https://t.me/CryptoBot/app?startapp=invoice-IVob2XoqUPcQ', 'web_app_invoice_url': 'https://app.send.tg/invoices/IVob2XoqUPcQ', 'status': 'active', 'created_at': '2024-12-13T18:36:33.969Z', 'allow_comments': False, 'allow_anonymous': True, 'expiration_date': '2024-12-13T18:42:33.966Z', 'hidden_message': 'Перейдите в бота и получите ссылку на ваш товар.', 'payload': '5592937198_96895', 'paid_btn_name': 'openBot', 'paid_btn_url': 'http://t.me/simsim7_bot?start=payload=5592937198_96895'}
#INFO [2024-12-13 21:54:20,616] - Бот остановлен вручную!
#INFO [2024-12-13 21:54:20,616] - Сессия закрыта.
#INFO [2024-12-13 21:55:55,562] - Бот запущен!
#INFO [2024-12-13 22:03:33,630] - Бот остановлен вручную!
#INFO [2024-12-13 22:03:33,630] - Сессия закрыта.
#INFO [2024-12-13 22:03:39,778] - Бот запущен!
#INFO [2024-12-13 22:05:11,020] - Бот остановлен вручную!
#INFO [2024-12-13 22:05:11,020] - Сессия закрыта.
#INFO [2024-12-13 22:05:19,147] - Бот запущен!
#INFO [2024-12-14 12:44:55,707] - Бот запущен!
#INFO [2024-12-14 12:49:17,621] - Создан заказ: {'invoice_id': 17092811, 'hash': 'IVWfuXPiGh5V', 'currency_type': 'crypto', 'asset': 'USDT', 'amount': '11.99', 'pay_url': 'https://t.me/CryptoBot?start=IVWfuXPiGh5V', 'bot_invoice_url': 'https://t.me/CryptoBot?start=IVWfuXPiGh5V', 'mini_app_invoice_url': 'https://t.me/CryptoBot/app?startapp=invoice-IVWfuXPiGh5V', 'web_app_invoice_url': 'https://app.send.tg/invoices/IVWfuXPiGh5V', 'status': 'active', 'created_at': '2024-12-14T09:49:21.020Z', 'allow_comments': False, 'allow_anonymous': True, 'expiration_date': '2024-12-14T09:55:21.018Z', 'hidden_message': 'Перейдите в бота и получите ссылку на ваш товар.', 'payload': '5592937198_18057', 'paid_btn_name': 'openBot', 'paid_btn_url': 'http://t.me/simsim7_bot?start=payload=5592937198_18057'}
#INFO [2024-12-14 12:49:46,529] - Создан заказ: {'invoice_id': 17092826, 'hash': 'IV8DSPJutfnd', 'currency_type': 'crypto', 'asset': 'USDT', 'amount': '11.99', 'pay_url': 'https://t.me/CryptoBot?start=IV8DSPJutfnd', 'bot_invoice_url': 'https://t.me/CryptoBot?start=IV8DSPJutfnd', 'mini_app_invoice_url': 'https://t.me/CryptoBot/app?startapp=invoice-IV8DSPJutfnd', 'web_app_invoice_url': 'https://app.send.tg/invoices/IV8DSPJutfnd', 'status': 'active', 'created_at': '2024-12-14T09:49:50.096Z', 'allow_comments': False, 'allow_anonymous': True, 'expiration_date': '2024-12-14T09:55:50.094Z', 'hidden_message': 'Перейдите в бота и получите ссылку на ваш товар.', 'payload': '5592937198_23532', 'paid_btn_name': 'openBot', 'paid_btn_url': 'http://t.me/simsim7_bot?start=payload=5592937198_23532'}
#INFO [2024-12-14 12:49:50,666] - Бот остановлен вручную!
#INFO [2024-12-14 12:49:50,667] - Сессия закрыта.
#INFO [2024-12-14 12:49:57,051] - Бот запущен!
#INFO [2024-12-14 12:50:04,087] - Создан заказ: {'invoice_id': 17092839, 'hash': 'IVZfpcfjRYfn', 'currency_type': 'crypto', 'asset': 'USDT', 'amount': '11.99', 'pay_url': 'https://t.me/CryptoBot?start=IVZfpcfjRYfn', 'bot_invoice_url': 'https://t.me/CryptoBot?start=IVZfpcfjRYfn', 'mini_app_invoice_url': 'https://t.me/CryptoBot/app?startapp=invoice-IVZfpcfjRYfn', 'web_app_invoice_url': 'https://app.send.tg/invoices/IVZfpcfjRYfn', 'status': 'active', 'created_at': '2024-12-14T09:50:07.651Z', 'allow_comments': False, 'allow_anonymous': True, 'expiration_date': '2024-12-14T09:56:07.649Z', 'hidden_message': 'Перейдите в бота и получите ссылку на ваш товар.', 'payload': '5592937198_45435', 'paid_btn_name': 'openBot', 'paid_btn_url': 'http://t.me/simsim7_bot?start=payload=5592937198_45435'}
#INFO [2024-12-14 12:50:33,561] - Создан заказ: {'invoice_id': 17092869, 'hash': 'IVZLQ5toLdlM', 'currency_type': 'crypto', 'asset': 'USDT', 'amount': '11.99', 'pay_url': 'https://t.me/CryptoBot?start=IVZLQ5toLdlM', 'bot_invoice_url': 'https://t.me/CryptoBot?start=IVZLQ5toLdlM', 'mini_app_invoice_url': 'https://t.me/CryptoBot/app?startapp=invoice-IVZLQ5toLdlM', 'web_app_invoice_url': 'https://app.send.tg/invoices/IVZLQ5toLdlM', 'status': 'active', 'created_at': '2024-12-14T09:50:37.126Z', 'allow_comments': False, 'allow_anonymous': True, 'expiration_date': '2024-12-14T09:56:37.124Z', 'hidden_message': 'Перейдите в бота и получите ссылку на ваш товар.', 'payload': '5592937198_93078', 'paid_btn_name': 'openBot', 'paid_btn_url': 'http://t.me/simsim7_bot?start=payload=5592937198_93078'}
#INFO [2024-12-14 12:50:59,929] - Бот запущен!
#INFO [2024-12-14 12:51:15,044] - Создан заказ: {'invoice_id': 17092894, 'hash': 'IV8wkiectZHE', 'currency_type': 'crypto', 'asset': 'USDT', 'amount': '11.99', 'pay_url': 'https://t.me/CryptoBot?start=IV8wkiectZHE', 'bot_invoice_url': 'https://t.me/CryptoBot?start=IV8wkiectZHE', 'mini_app_invoice_url': 'https://t.me/CryptoBot/app?startapp=invoice-IV8wkiectZHE', 'web_app_invoice_url': 'https://app.send.tg/invoices/IV8wkiectZHE', 'status': 'active', 'created_at': '2024-12-14T09:51:18.604Z', 'allow_comments': False, 'allow_anonymous': True, 'expiration_date': '2024-12-14T09:57:18.602Z', 'hidden_message': 'Перейдите в бота и получите ссылку на ваш товар.', 'payload': '5592937198_31055', 'paid_btn_name': 'openBot', 'paid_btn_url': 'http://t.me/simsim7_bot?start=payload=5592937198_31055'}
#INFO [2024-12-14 13:02:39,619] - Создан заказ: {'invoice_id': 17093294, 'hash': 'IVJAO7W1hbjl', 'currency_type': 'crypto', 'asset': 'USDT', 'amount': '14.99', 'pay_url': 'https://t.me/CryptoBot?start=IVJAO7W1hbjl', 'bot_invoice_url': 'https://t.me/CryptoBot?start=IVJAO7W1hbjl', 'mini_app_invoice_url': 'https://t.me/CryptoBot/app?startapp=invoice-IVJAO7W1hbjl', 'web_app_invoice_url': 'https://app.send.tg/invoices/IVJAO7W1hbjl', 'status': 'active', 'created_at': '2024-12-14T10:02:43.123Z', 'allow_comments': False, 'allow_anonymous': True, 'expiration_date': '2024-12-14T10:08:43.118Z', 'hidden_message': 'Перейдите в бота и получите ссылку на ваш товар.', 'payload': '5592937198_57378', 'paid_btn_name': 'openBot', 'paid_btn_url': 'http://t.me/simsim7_bot?start=payload=5592937198_57378'}
#INFO [2024-12-14 13:02:51,538] - Создан заказ: {'invoice_id': 17093299, 'hash': 'IVxTObu45Vw5', 'currency_type': 'crypto', 'asset': 'USDT', 'amount': '11.99', 'pay_url': 'https://t.me/CryptoBot?start=IVxTObu45Vw5', 'bot_invoice_url': 'https://t.me/CryptoBot?start=IVxTObu45Vw5', 'mini_app_invoice_url': 'https://t.me/CryptoBot/app?startapp=invoice-IVxTObu45Vw5', 'web_app_invoice_url': 'https://app.send.tg/invoices/IVxTObu45Vw5', 'status': 'active', 'created_at': '2024-12-14T10:02:55.044Z', 'allow_comments': False, 'allow_anonymous': True, 'expiration_date': '2024-12-14T10:08:55.041Z', 'hidden_message': 'Перейдите в бота и получите ссылку на ваш товар.', 'payload': '5592937198_56299', 'paid_btn_name': 'openBot', 'paid_btn_url': 'http://t.me/simsim7_bot?start=payload=5592937198_56299'}
#INFO [2024-12-14 13:04:32,862] - Бот остановлен вручную!
#INFO [2024-12-14 13:04:32,862] - Сессия закрыта.
#INFO [2024-12-14 13:04:38,834] - Бот запущен!
#INFO [2024-12-14 13:04:59,635] - Создан заказ: {'invoice_id': 17093376, 'hash': 'IViCy5dEMRhW', 'currency_type': 'crypto', 'asset': 'USDT', 'amount': '11.99', 'pay_url': 'https://t.me/CryptoBot?start=IViCy5dEMRhW', 'bot_invoice_url': 'https://t.me/CryptoBot?start=IViCy5dEMRhW', 'mini_app_invoice_url': 'https://t.me/CryptoBot/app?startapp=invoice-IViCy5dEMRhW', 'web_app_invoice_url': 'https://app.send.tg/invoices/IViCy5dEMRhW', 'status': 'active', 'created_at': '2024-12-14T10:05:03.110Z', 'allow_comments': False, 'allow_anonymous': True, 'expiration_date': '2024-12-14T10:11:03.107Z', 'hidden_message': 'Перейдите в бота и получите ссылку на ваш товар.', 'payload': '5592937198_01931', 'paid_btn_name': 'openBot', 'paid_btn_url': 'http://t.me/simsim7_bot?start=payload=5592937198_01931'}
#INFO [2024-12-14 13:05:03,065] - Создан заказ: {'invoice_id': 17093379, 'hash': 'IVIKvwTiqZhQ', 'currency_type': 'crypto', 'asset': 'USDT', 'amount': '14.99', 'pay_url': 'https://t.me/CryptoBot?start=IVIKvwTiqZhQ', 'bot_invoice_url': 'https://t.me/CryptoBot?start=IVIKvwTiqZhQ', 'mini_app_invoice_url': 'https://t.me/CryptoBot/app?startapp=invoice-IVIKvwTiqZhQ', 'web_app_invoice_url': 'https://app.send.tg/invoices/IVIKvwTiqZhQ', 'status': 'active', 'created_at': '2024-12-14T10:05:06.556Z', 'allow_comments': False, 'allow_anonymous': True, 'expiration_date': '2024-12-14T10:11:06.553Z', 'hidden_message': 'Перейдите в бота и получите ссылку на ваш товар.', 'payload': '5592937198_53581', 'paid_btn_name': 'openBot', 'paid_btn_url': 'http://t.me/simsim7_bot?start=payload=5592937198_53581'}
#INFO [2024-12-14 15:46:39,059] - Бот остановлен вручную!
#INFO [2024-12-14 15:46:39,060] - Сессия закрыта.
#INFO [2024-12-14 15:46:45,521] - Бот запущен!
#ERROR [2024-12-14 15:46:52,939] - Ошибка при обработке запроса на категорию: string indices must be integers, not 'str'
#INFO [2024-12-14 15:47:04,922] - Бот остановлен вручную!
#INFO [2024-12-14 15:47:04,922] - Сессия закрыта.
#INFO [2024-12-14 15:47:11,143] - Бот запущен!
#INFO [2024-12-14 15:47:35,323] - Бот остановлен вручную!
#INFO [2024-12-14 15:47:35,323] - Сессия закрыта.
#INFO [2024-12-14 15:47:41,140] - Бот запущен!
#INFO [2024-12-14 15:48:25,979] - Бот остановлен вручную!
#INFO [2024-12-14 15:48:25,979] - Сессия закрыта.
#INFO [2024-12-14 15:48:31,911] - Бот запущен!
#INFO [2024-12-14 15:50:11,730] - Бот остановлен вручную!
#INFO [2024-12-14 15:50:11,731] - Сессия закрыта.
#INFO [2024-12-14 15:50:34,744] - Бот запущен!
#INFO [2024-12-14 15:51:46,058] - Бот остановлен вручную!
#INFO [2024-12-14 15:51:46,058] - Сессия закрыта.
#INFO [2024-12-14 15:51:51,708] - Бот запущен!
#INFO [2024-12-14 15:53:18,713] - Бот остановлен вручную!
#INFO [2024-12-14 15:53:18,713] - Сессия закрыта.
#INFO [2024-12-14 15:53:25,678] - Бот запущен!
#INFO [2024-12-14 15:54:19,835] - Бот остановлен вручную!
#INFO [2024-12-14 15:54:19,835] - Сессия закрыта.
#INFO [2024-12-14 15:55:11,165] - Бот запущен!
#INFO [2024-12-14 15:55:50,674] - Бот остановлен вручную!
#INFO [2024-12-14 15:55:50,674] - Сессия закрыта.
#INFO [2024-12-14 15:55:56,012] - Бот запущен!
#INFO [2024-12-14 15:58:10,354] - Бот остановлен вручную!
#INFO [2024-12-14 15:58:10,354] - Сессия закрыта.
#INFO [2024-12-14 15:58:16,861] - Бот запущен!
#INFO [2024-12-14 15:59:04,529] - Бот остановлен вручную!
#INFO [2024-12-14 15:59:04,529] - Сессия закрыта.
#INFO [2024-12-14 15:59:10,382] - Бот запущен!
#INFO [2024-12-14 15:59:39,801] - Бот остановлен вручную!
#INFO [2024-12-14 15:59:39,801] - Сессия закрыта.
#INFO [2024-12-14 15:59:46,450] - Бот запущен!
#INFO [2024-12-14 15:59:53,637] - Создан заказ: {'invoice_id': 17100545, 'hash': 'IVa98OOcj0VM', 'currency_type': 'crypto', 'asset': 'USDT', 'amount': '11.99', 'pay_url': 'https://t.me/CryptoBot?start=IVa98OOcj0VM', 'bot_invoice_url': 'https://t.me/CryptoBot?start=IVa98OOcj0VM', 'mini_app_invoice_url': 'https://t.me/CryptoBot/app?startapp=invoice-IVa98OOcj0VM', 'web_app_invoice_url': 'https://app.send.tg/invoices/IVa98OOcj0VM', 'status': 'active', 'created_at': '2024-12-14T12:59:56.281Z', 'allow_comments': False, 'allow_anonymous': True, 'expiration_date': '2024-12-14T13:05:56.279Z', 'hidden_message': 'Перейдите в бота и получите ссылку на ваш товар.', 'payload': '5592937198_25833', 'paid_btn_name': 'openBot', 'paid_btn_url': 'http://t.me/simsim7_bot?start=payload=5592937198_25833'}
#INFO [2024-12-14 16:14:07,409] - Бот остановлен вручную!
#INFO [2024-12-14 16:14:07,409] - Сессия закрыта.
#INFO [2024-12-14 16:14:13,330] - Бот запущен!
#INFO [2024-12-14 16:15:15,913] - Бот остановлен вручную!
#INFO [2024-12-14 16:15:15,913] - Сессия закрыта.
#INFO [2024-12-14 16:15:20,931] - Бот запущен!
#INFO [2024-12-14 16:15:27,358] - Создан заказ: {'invoice_id': 17101225, 'hash': 'IVRjag3kSyKv', 'currency_type': 'crypto', 'asset': 'USDT', 'amount': '11.99', 'pay_url': 'https://t.me/CryptoBot?start=IVRjag3kSyKv', 'bot_invoice_url': 'https://t.me/CryptoBot?start=IVRjag3kSyKv', 'mini_app_invoice_url': 'https://t.me/CryptoBot/app?startapp=invoice-IVRjag3kSyKv', 'web_app_invoice_url': 'https://app.send.tg/invoices/IVRjag3kSyKv', 'status': 'active', 'created_at': '2024-12-14T13:15:29.929Z', 'allow_comments': False, 'allow_anonymous': True, 'expiration_date': '2024-12-14T13:21:29.927Z', 'hidden_message': 'Перейдите в бота и получите ссылку на ваш товар.', 'payload': '5592937198_19926', 'paid_btn_name': 'openBot', 'paid_btn_url': 'http://t.me/simsim7_bot?start=payload=5592937198_19926'}
#INFO [2024-12-14 16:16:58,433] - Бот остановлен вручную!
#INFO [2024-12-14 16:16:58,433] - Сессия закрыта.
#INFO [2024-12-14 16:17:03,695] - Бот запущен!
#INFO [2024-12-14 16:17:31,546] - Бот остановлен вручную!
#INFO [2024-12-14 16:17:31,546] - Сессия закрыта.
#INFO [2024-12-14 16:17:38,187] - Бот запущен!
#INFO [2024-12-14 16:17:49,852] - Создан заказ: {'invoice_id': 17101332, 'hash': 'IV6UPr3DST9A', 'currency_type': 'crypto', 'asset': 'USDT', 'amount': '11.99', 'pay_url': 'https://t.me/CryptoBot?start=IV6UPr3DST9A', 'bot_invoice_url': 'https://t.me/CryptoBot?start=IV6UPr3DST9A', 'mini_app_invoice_url': 'https://t.me/CryptoBot/app?startapp=invoice-IV6UPr3DST9A', 'web_app_invoice_url': 'https://app.send.tg/invoices/IV6UPr3DST9A', 'status': 'active', 'created_at': '2024-12-14T13:17:52.387Z', 'allow_comments': False, 'allow_anonymous': True, 'expiration_date': '2024-12-14T13:23:52.385Z', 'hidden_message': 'Перейдите в бота и получите ссылку на ваш товар.', 'payload': '5592937198_51641', 'paid_btn_name': 'openBot', 'paid_btn_url': 'http://t.me/simsim7_bot?start=payload=5592937198_51641'}
#INFO [2024-12-14 16:17:55,595] - Создан заказ: {'invoice_id': 17101336, 'hash': 'IVAuImmInuaG', 'currency_type': 'crypto', 'asset': 'USDT', 'amount': '13', 'pay_url': 'https://t.me/CryptoBot?start=IVAuImmInuaG', 'bot_invoice_url': 'https://t.me/CryptoBot?start=IVAuImmInuaG', 'mini_app_invoice_url': 'https://t.me/CryptoBot/app?startapp=invoice-IVAuImmInuaG', 'web_app_invoice_url': 'https://app.send.tg/invoices/IVAuImmInuaG', 'status': 'active', 'created_at': '2024-12-14T13:17:58.155Z', 'allow_comments': False, 'allow_anonymous': True, 'expiration_date': '2024-12-14T13:23:58.153Z', 'hidden_message': 'Перейдите в бота и получите ссылку на ваш товар.', 'payload': '5592937198_78977', 'paid_btn_name': 'openBot', 'paid_btn_url': 'http://t.me/simsim7_bot?start=payload=5592937198_78977'}
#INFO [2024-12-14 23:08:42,376] - Бот запущен!
#INFO [2024-12-14 23:09:28,425] - Бот остановлен вручную!
#INFO [2024-12-14 23:09:28,425] - Сессия закрыта.
#INFO [2024-12-14 23:09:34,297] - Бот запущен!
#INFO [2024-12-14 23:10:30,566] - Бот остановлен вручную!
#INFO [2024-12-14 23:10:30,566] - Сессия закрыта.
#INFO [2024-12-14 23:10:36,758] - Бот запущен!
#INFO [2024-12-14 23:10:47,081] - Создан заказ: {'invoice_id': 17121412, 'hash': 'IVCPcZeiB5Ks', 'currency_type': 'crypto', 'asset': 'USDT', 'amount': '11.99', 'pay_url': 'https://t.me/CryptoBot?start=IVCPcZeiB5Ks', 'bot_invoice_url': 'https://t.me/CryptoBot?start=IVCPcZeiB5Ks', 'mini_app_invoice_url': 'https://t.me/CryptoBot/app?startapp=invoice-IVCPcZeiB5Ks', 'web_app_invoice_url': 'https://app.send.tg/invoices/IVCPcZeiB5Ks', 'status': 'active', 'created_at': '2024-12-14T20:10:47.649Z', 'allow_comments': False, 'allow_anonymous': True, 'expiration_date': '2024-12-14T20:16:47.647Z', 'hidden_message': 'Перейдите в бота и получите ссылку на ваш товар.', 'payload': '5592937198_80446', 'paid_btn_name': 'openBot', 'paid_btn_url': 'http://t.me/simsim7_bot?start=payload=5592937198_80446'}
#INFO [2024-12-14 23:13:28,712] - Бот остановлен вручную!
#INFO [2024-12-14 23:13:28,712] - Сессия закрыта.
#INFO [2024-12-14 23:13:34,770] - Бот запущен!
#INFO [2024-12-14 23:19:50,415] - Бот остановлен вручную!
#INFO [2024-12-14 23:19:50,415] - Сессия закрыта.
#INFO [2024-12-14 23:19:56,864] - Бот запущен!
#INFO [2024-12-14 23:29:08,670] - Бот остановлен вручную!
#INFO [2024-12-14 23:29:08,670] - Сессия закрыта.
#INFO [2024-12-14 23:29:14,689] - Бот запущен!
#INFO [2024-12-14 23:30:03,022] - Бот остановлен вручную!
#INFO [2024-12-14 23:30:03,022] - Сессия закрыта.
#INFO [2024-12-14 23:30:09,371] - Бот запущен!
#INFO [2024-12-14 23:31:04,649] - Бот остановлен вручную!
#INFO [2024-12-14 23:31:04,649] - Сессия закрыта.
#INFO [2024-12-14 23:31:53,609] - Бот запущен!
#INFO [2024-12-14 23:32:21,159] - Бот остановлен вручную!
#INFO [2024-12-14 23:32:21,159] - Сессия закрыта.
#INFO [2024-12-14 23:32:26,755] - Бот запущен!
#INFO [2024-12-14 23:32:33,137] - Создан заказ: {'invoice_id': 17122320, 'hash': 'IVkGQDomgUkP', 'currency_type': 'crypto', 'asset': 'USDT', 'amount': '11.99', 'pay_url': 'https://t.me/CryptoBot?start=IVkGQDomgUkP', 'bot_invoice_url': 'https://t.me/CryptoBot?start=IVkGQDomgUkP', 'mini_app_invoice_url': 'https://t.me/CryptoBot/app?startapp=invoice-IVkGQDomgUkP', 'web_app_invoice_url': 'https://app.send.tg/invoices/IVkGQDomgUkP', 'status': 'active', 'created_at': '2024-12-14T20:32:33.604Z', 'allow_comments': False, 'allow_anonymous': True, 'expiration_date': '2024-12-14T20:38:33.601Z', 'hidden_message': 'Перейдите в бота и получите ссылку на ваш товар.', 'payload': '5592937198_61015', 'paid_btn_name': 'openBot', 'paid_btn_url': 'http://t.me/simsim7_bot?start=payload=5592937198_61015'}
#INFO [2024-12-14 23:32:44,451] - Создан заказ: {'invoice_id': 17122325, 'hash': 'IVpccl9BeCgW', 'currency_type': 'crypto', 'asset': 'USDT', 'amount': '13', 'pay_url': 'https://t.me/CryptoBot?start=IVpccl9BeCgW', 'bot_invoice_url': 'https://t.me/CryptoBot?start=IVpccl9BeCgW', 'mini_app_invoice_url': 'https://t.me/CryptoBot/app?startapp=invoice-IVpccl9BeCgW', 'web_app_invoice_url': 'https://app.send.tg/invoices/IVpccl9BeCgW', 'status': 'active', 'created_at': '2024-12-14T20:32:44.923Z', 'allow_comments': False, 'allow_anonymous': True, 'expiration_date': '2024-12-14T20:38:44.922Z', 'hidden_message': 'Перейдите в бота и получите ссылку на ваш товар.', 'payload': '5592937198_46711', 'paid_btn_name': 'openBot', 'paid_btn_url': 'http://t.me/simsim7_bot?start=payload=5592937198_46711'}
#INFO [2024-12-14 23:33:43,287] - Бот остановлен вручную!
#INFO [2024-12-14 23:33:43,287] - Сессия закрыта.
#INFO [2024-12-14 23:33:56,544] - Бот запущен!
#INFO [2024-12-14 23:36:24,615] - Бот остановлен вручную!
#INFO [2024-12-14 23:36:24,615] - Сессия закрыта.
#INFO [2024-12-14 23:36:30,711] - Бот запущен!
#INFO [2024-12-14 23:36:41,345] - Создан заказ: {'invoice_id': 17122500, 'hash': 'IVxG03C5uR4w', 'currency_type': 'crypto', 'asset': 'USDT', 'amount': '11.99', 'pay_url': 'https://t.me/CryptoBot?start=IVxG03C5uR4w', 'bot_invoice_url': 'https://t.me/CryptoBot?start=IVxG03C5uR4w', 'mini_app_invoice_url': 'https://t.me/CryptoBot/app?startapp=invoice-IVxG03C5uR4w', 'web_app_invoice_url': 'https://app.send.tg/invoices/IVxG03C5uR4w', 'status': 'active', 'created_at': '2024-12-14T20:36:41.786Z', 'allow_comments': False, 'allow_anonymous': True, 'expiration_date': '2024-12-14T20:42:41.783Z', 'hidden_message': 'Перейдите в бота и получите ссылку на ваш товар.', 'payload': '5592937198_73549', 'paid_btn_name': 'openBot', 'paid_btn_url': 'http://t.me/simsim7_bot?start=payload=5592937198_73549'}
#INFO [2024-12-14 23:37:51,502] - Бот остановлен вручную!
#INFO [2024-12-14 23:37:51,502] - Сессия закрыта.
#INFO [2024-12-14 23:37:58,031] - Бот запущен!
#INFO [2024-12-14 23:38:36,001] - Создан заказ: {'invoice_id': 17122591, 'hash': 'IVy3hycNoPaJ', 'currency_type': 'crypto', 'asset': 'USDT', 'amount': '14.99', 'pay_url': 'https://t.me/CryptoBot?start=IVy3hycNoPaJ', 'bot_invoice_url': 'https://t.me/CryptoBot?start=IVy3hycNoPaJ', 'mini_app_invoice_url': 'https://t.me/CryptoBot/app?startapp=invoice-IVy3hycNoPaJ', 'web_app_invoice_url': 'https://app.send.tg/invoices/IVy3hycNoPaJ', 'status': 'active', 'created_at': '2024-12-14T20:38:36.437Z', 'allow_comments': False, 'allow_anonymous': True, 'expiration_date': '2024-12-14T20:44:36.432Z', 'hidden_message': 'Перейдите в бота и получите ссылку на ваш товар.', 'payload': '5592937198_75318', 'paid_btn_name': 'openBot', 'paid_btn_url': 'http://t.me/simsim7_bot?start=payload=5592937198_75318'}
#INFO [2024-12-14 23:41:48,694] - Бот остановлен вручную!
#INFO [2024-12-14 23:41:48,694] - Сессия закрыта.
#INFO [2024-12-14 23:41:55,283] - Бот запущен!
#INFO [2024-12-14 23:42:06,492] - Создан заказ: {'invoice_id': 17122732, 'hash': 'IVu33bquqMbb', 'currency_type': 'crypto', 'asset': 'USDT', 'amount': '11.99', 'pay_url': 'https://t.me/CryptoBot?start=IVu33bquqMbb', 'bot_invoice_url': 'https://t.me/CryptoBot?start=IVu33bquqMbb', 'mini_app_invoice_url': 'https://t.me/CryptoBot/app?startapp=invoice-IVu33bquqMbb', 'web_app_invoice_url': 'https://app.send.tg/invoices/IVu33bquqMbb', 'status': 'active', 'created_at': '2024-12-14T20:42:06.897Z', 'allow_comments': False, 'allow_anonymous': True, 'expiration_date': '2024-12-14T20:48:06.895Z', 'hidden_message': 'Перейдите в бота и получите ссылку на ваш товар.', 'payload': '5592937198_04859', 'paid_btn_name': 'openBot', 'paid_btn_url': 'http://t.me/simsim7_bot?start=payload=5592937198_04859'}
#INFO [2024-12-14 23:43:01,910] - Бот остановлен вручную!
#INFO [2024-12-14 23:43:01,910] - Сессия закрыта.
#INFO [2024-12-14 23:43:19,228] - Бот запущен!
#ERROR [2024-12-14 23:43:19,624] - Ошибка при обработке запроса на возврат в категории: Telegram server says - Bad Request: message to delete not found
#INFO [2024-12-14 23:44:36,774] - Бот остановлен вручную!
#INFO [2024-12-14 23:44:36,774] - Сессия закрыта.
#INFO [2024-12-14 23:44:43,735] - Бот запущен!
#INFO [2024-12-14 23:45:17,393] - Создан заказ: {'invoice_id': 17122852, 'hash': 'IVw9p8ArQDhy', 'currency_type': 'crypto', 'asset': 'USDT', 'amount': '11.99', 'pay_url': 'https://t.me/CryptoBot?start=IVw9p8ArQDhy', 'bot_invoice_url': 'https://t.me/CryptoBot?start=IVw9p8ArQDhy', 'mini_app_invoice_url': 'https://t.me/CryptoBot/app?startapp=invoice-IVw9p8ArQDhy', 'web_app_invoice_url': 'https://app.send.tg/invoices/IVw9p8ArQDhy', 'status': 'active', 'created_at': '2024-12-14T20:45:17.782Z', 'allow_comments': False, 'allow_anonymous': True, 'expiration_date': '2024-12-14T20:51:17.780Z', 'hidden_message': 'Перейдите в бота и получите ссылку на ваш товар.', 'payload': '5592937198_17278', 'paid_btn_name': 'openBot', 'paid_btn_url': 'http://t.me/simsim7_bot?start=payload=5592937198_17278'}
#INFO [2024-12-14 23:49:57,153] - Создан заказ: {'invoice_id': 17123065, 'hash': 'IViy9Y11VUVh', 'currency_type': 'crypto', 'asset': 'USDT', 'amount': '11.99', 'pay_url': 'https://t.me/CryptoBot?start=IViy9Y11VUVh', 'bot_invoice_url': 'https://t.me/CryptoBot?start=IViy9Y11VUVh', 'mini_app_invoice_url': 'https://t.me/CryptoBot/app?startapp=invoice-IViy9Y11VUVh', 'web_app_invoice_url': 'https://app.send.tg/invoices/IViy9Y11VUVh', 'status': 'active', 'created_at': '2024-12-14T20:49:57.528Z', 'allow_comments': False, 'allow_anonymous': True, 'expiration_date': '2024-12-14T20:55:57.526Z', 'hidden_message': 'Перейдите в бота и получите ссылку на ваш товар.', 'payload': '5592937198_07391', 'paid_btn_name': 'openBot', 'paid_btn_url': 'http://t.me/simsim7_bot?start=payload=5592937198_07391'}
#INFO [2024-12-14 23:50:04,401] - Создан заказ: {'invoice_id': 17123069, 'hash': 'IV3d0B221sLJ', 'currency_type': 'crypto', 'asset': 'USDT', 'amount': '11.99', 'pay_url': 'https://t.me/CryptoBot?start=IV3d0B221sLJ', 'bot_invoice_url': 'https://t.me/CryptoBot?start=IV3d0B221sLJ', 'mini_app_invoice_url': 'https://t.me/CryptoBot/app?startapp=invoice-IV3d0B221sLJ', 'web_app_invoice_url': 'https://app.send.tg/invoices/IV3d0B221sLJ', 'status': 'active', 'created_at': '2024-12-14T20:50:04.763Z', 'allow_comments': False, 'allow_anonymous': True, 'expiration_date': '2024-12-14T20:56:04.761Z', 'hidden_message': 'Перейдите в бота и получите ссылку на ваш товар.', 'payload': '5592937198_68932', 'paid_btn_name': 'openBot', 'paid_btn_url': 'http://t.me/simsim7_bot?start=payload=5592937198_68932'}
#INFO [2024-12-15 22:48:06,117] - Бот запущен!
#INFO [2024-12-15 22:48:23,579] - Создан заказ: {'invoice_id': 17169603, 'hash': 'IVcLgDhMKCIx', 'currency_type': 'crypto', 'asset': 'USDT', 'amount': '11.99', 'pay_url': 'https://t.me/CryptoBot?start=IVcLgDhMKCIx', 'bot_invoice_url': 'https://t.me/CryptoBot?start=IVcLgDhMKCIx', 'mini_app_invoice_url': 'https://t.me/CryptoBot/app?startapp=invoice-IVcLgDhMKCIx', 'web_app_invoice_url': 'https://app.send.tg/invoices/IVcLgDhMKCIx', 'status': 'active', 'created_at': '2024-12-15T19:48:22.183Z', 'allow_comments': False, 'allow_anonymous': True, 'expiration_date': '2024-12-15T19:54:22.181Z', 'hidden_message': 'Перейдите в бота и получите ссылку на ваш товар.', 'payload': '5592937198_37175', 'paid_btn_name': 'openBot', 'paid_btn_url': 'http://t.me/simsim7_bot?start=payload=5592937198_37175'}
#INFO [2024-12-15 22:49:49,894] - Создан заказ: {'invoice_id': 17169670, 'hash': 'IVSH40Qmnjno', 'currency_type': 'crypto', 'asset': 'USDT', 'amount': '13', 'pay_url': 'https://t.me/CryptoBot?start=IVSH40Qmnjno', 'bot_invoice_url': 'https://t.me/CryptoBot?start=IVSH40Qmnjno', 'mini_app_invoice_url': 'https://t.me/CryptoBot/app?startapp=invoice-IVSH40Qmnjno', 'web_app_invoice_url': 'https://app.send.tg/invoices/IVSH40Qmnjno', 'status': 'active', 'created_at': '2024-12-15T19:49:48.488Z', 'allow_comments': False, 'allow_anonymous': True, 'expiration_date': '2024-12-15T19:55:48.486Z', 'hidden_message': 'Перейдите в бота и получите ссылку на ваш товар.', 'payload': '5592937198_25184', 'paid_btn_name': 'openBot', 'paid_btn_url': 'http://t.me/simsim7_bot?start=payload=5592937198_25184'}
#INFO [2024-12-15 22:54:06,235] - Бот остановлен вручную!
#INFO [2024-12-15 22:54:06,235] - Сессия закрыта.
#INFO [2024-12-15 22:54:12,768] - Бот запущен!
#INFO [2024-12-15 22:54:16,806] - Создан заказ: {'invoice_id': 17169871, 'hash': 'IVClguQmkccW', 'currency_type': 'crypto', 'asset': 'USDT', 'amount': '11.99', 'pay_url': 'https://t.me/CryptoBot?start=IVClguQmkccW', 'bot_invoice_url': 'https://t.me/CryptoBot?start=IVClguQmkccW', 'mini_app_invoice_url': 'https://t.me/CryptoBot/app?startapp=invoice-IVClguQmkccW', 'web_app_invoice_url': 'https://app.send.tg/invoices/IVClguQmkccW', 'status': 'active', 'created_at': '2024-12-15T19:54:15.388Z', 'allow_comments': False, 'allow_anonymous': True, 'expiration_date': '2024-12-15T20:00:15.387Z', 'hidden_message': 'Перейдите в бота и получите ссылку на ваш товар.', 'payload': '5592937198_51727', 'paid_btn_name': 'openBot', 'paid_btn_url': 'http://t.me/simsim7_bot?start=payload=5592937198_51727'}
#INFO [2024-12-15 22:55:09,471] - Бот остановлен вручную!
#INFO [2024-12-15 22:55:09,471] - Сессия закрыта.
#INFO [2024-12-15 22:55:15,252] - Бот запущен!
#INFO [2024-12-15 22:55:17,175] - Создан заказ: {'invoice_id': 17169919, 'hash': 'IVEydv4pAlyZ', 'currency_type': 'crypto', 'asset': 'USDT', 'amount': '11.99', 'pay_url': 'https://t.me/CryptoBot?start=IVEydv4pAlyZ', 'bot_invoice_url': 'https://t.me/CryptoBot?start=IVEydv4pAlyZ', 'mini_app_invoice_url': 'https://t.me/CryptoBot/app?startapp=invoice-IVEydv4pAlyZ', 'web_app_invoice_url': 'https://app.send.tg/invoices/IVEydv4pAlyZ', 'status': 'active', 'created_at': '2024-12-15T19:55:15.734Z', 'allow_comments': False, 'allow_anonymous': True, 'expiration_date': '2024-12-15T20:01:15.732Z', 'hidden_message': 'Перейдите в бота и получите ссылку на ваш товар.', 'payload': '5592937198_53253', 'paid_btn_name': 'openBot', 'paid_btn_url': 'http://t.me/simsim7_bot?start=payload=5592937198_53253'}
#INFO [2024-12-15 22:57:30,050] - Бот остановлен вручную!
#INFO [2024-12-15 22:57:30,050] - Сессия закрыта.
#INFO [2024-12-15 22:57:37,081] - Бот запущен!
#INFO [2024-12-15 22:57:45,849] - Создан заказ: {'invoice_id': 17170046, 'hash': 'IVxORMQyBOTR', 'currency_type': 'crypto', 'asset': 'USDT', 'amount': '11.99', 'pay_url': 'https://t.me/CryptoBot?start=IVxORMQyBOTR', 'bot_invoice_url': 'https://t.me/CryptoBot?start=IVxORMQyBOTR', 'mini_app_invoice_url': 'https://t.me/CryptoBot/app?startapp=invoice-IVxORMQyBOTR', 'web_app_invoice_url': 'https://app.send.tg/invoices/IVxORMQyBOTR', 'status': 'active', 'created_at': '2024-12-15T19:57:44.240Z', 'allow_comments': False, 'allow_anonymous': True, 'expiration_date': '2024-12-15T20:03:44.237Z', 'hidden_message': 'Перейдите в бота и получите ссылку на ваш товар.', 'payload': '5592937198_40789', 'paid_btn_name': 'openBot', 'paid_btn_url': 'http://t.me/simsim7_bot?start=payload=5592937198_40789'}
#INFO [2024-12-16 16:10:06,172] - Бот запущен!
#INFO [2024-12-16 16:13:25,846] - Бот остановлен вручную!
#INFO [2024-12-16 16:13:25,846] - Сессия закрыта.
#INFO [2024-12-16 16:13:31,420] - Бот запущен!
#INFO [2024-12-16 16:14:38,971] - Бот остановлен вручную!
#INFO [2024-12-16 16:14:38,972] - Сессия закрыта.
#INFO [2024-12-16 16:14:48,287] - Бот запущен!
#INFO [2024-12-16 16:15:11,964] - Бот остановлен вручную!
#INFO [2024-12-16 16:15:11,964] - Сессия закрыта.
#INFO [2024-12-16 16:15:29,616] - Бот запущен!
#INFO [2024-12-16 16:19:54,794] - Бот остановлен вручную!
#INFO [2024-12-16 16:19:54,794] - Сессия закрыта.
#INFO [2024-12-16 16:42:32,811] - Бот запущен!
#INFO [2024-12-16 16:43:36,916] - Создан заказ: {'invoice_id': 17199903, 'hash': 'IVR1iqmlVfPi', 'currency_type': 'crypto', 'asset': 'USDT', 'amount': '11.99', 'pay_url': 'https://t.me/CryptoBot?start=IVR1iqmlVfPi', 'bot_invoice_url': 'https://t.me/CryptoBot?start=IVR1iqmlVfPi', 'mini_app_invoice_url': 'https://t.me/CryptoBot/app?startapp=invoice-IVR1iqmlVfPi', 'web_app_invoice_url': 'https://app.send.tg/invoices/IVR1iqmlVfPi', 'status': 'active', 'created_at': '2024-12-16T13:43:35.797Z', 'allow_comments': False, 'allow_anonymous': True, 'expiration_date': '2024-12-16T13:49:35.795Z', 'hidden_message': 'Перейдите в бота и получите ссылку на ваш товар.', 'payload': '5592937198_45014', 'paid_btn_name': 'openBot', 'paid_btn_url': 'http://t.me/simsim7_bot?start=payload=5592937198_45014'}
