#INFO [2024-12-13 20:11:10,351] - Router 'commandRouter' - 5592937198 - /start
#INFO [2024-12-13 20:11:13,429] - Dispatcher 'mainDispatcher' - 5592937198 - openMagaz
#INFO [2024-12-13 20:14:02,561] - Dispatcher 'mainDispatcher' - 5592937198 - mainMenu
#INFO [2024-12-13 20:14:04,450] - Dispatcher 'mainDispatcher' - 5592937198 - openMagaz
#INFO [2024-12-13 20:16:42,363] - Router 'commandRouter' - 5592937198 - /start
#INFO [2024-12-13 20:16:45,028] - Dispatcher 'mainDispatcher' - 5592937198 - openMagaz
#INFO [2024-12-13 20:18:47,187] - Dispatcher 'mainDispatcher' - 5592937198 - mainMenu
#INFO [2024-12-13 20:18:48,714] - Dispatcher 'mainDispatcher' - 5592937198 - openMagaz
#INFO [2024-12-13 20:32:52,763] - Dispatcher 'mainDispatcher' - 5592937198 - mainMenu
#INFO [2024-12-13 20:37:19,530] - Router 'commandRouter' - 5592937198 - /start
#INFO [2024-12-13 20:37:28,643] - Dispatcher 'mainDispatcher' - 5592937198 - openMagaz
#INFO [2024-12-13 20:37:30,720] - Dispatcher 'mainDispatcher' - 5592937198 - mainMenu
#INFO [2024-12-13 20:46:51,553] - Router 'commandRouter' - 5592937198 - /start
#INFO [2024-12-13 20:46:56,348] - Dispatcher 'mainDispatcher' - 5592937198 - openMagaz
#INFO [2024-12-13 20:46:58,381] - Dispatcher 'mainDispatcher' - 5592937198 - mainMenu
#INFO [2024-12-13 21:04:56,191] - Router 'commandRouter' - 5592937198 - /start
#INFO [2024-12-13 21:06:57,076] - Router 'commandRouter' - 5592937198 - /start
#INFO [2024-12-13 21:08:03,126] - Router 'commandRouter' - 5592937198 - /start
#INFO [2024-12-13 21:08:10,812] - Dispatcher 'mainDispatcher' - 5592937198 - openMagaz
#INFO [2024-12-13 21:08:12,997] - Dispatcher 'mainDispatcher' - 5592937198 - mainMenu
#INFO [2024-12-13 21:11:22,159] - Router 'commandRouter' - 5592937198 - /start
#INFO [2024-12-13 21:12:11,143] - Router 'commandRouter' - 5592937198 - /start
#INFO [2024-12-13 21:12:40,735] - Router 'commandRouter' - 5592937198 - /start
#INFO [2024-12-13 21:13:42,599] - Router 'commandRouter' - 5592937198 - /start
#INFO [2024-12-13 21:14:04,824] - Router 'commandRouter' - 5592937198 - /start
#INFO [2024-12-13 21:14:47,102] - Router 'commandRouter' - 5592937198 - /start
#INFO [2024-12-13 21:14:53,969] - Dispatcher 'mainDispatcher' - 5592937198 - openMagaz
#INFO [2024-12-13 21:14:57,066] - Dispatcher 'mainDispatcher' - 5592937198 - cat_1
#INFO [2024-12-13 21:15:51,279] - Dispatcher 'mainDispatcher' - 5592937198 - back_to_categories
#INFO [2024-12-13 21:16:23,473] - Router 'commandRouter' - 5592937198 - /start
#INFO [2024-12-13 21:16:24,963] - Dispatcher 'mainDispatcher' - 5592937198 - openMagaz
#INFO [2024-12-13 21:17:55,023] - Router 'commandRouter' - 5592937198 - /start
#INFO [2024-12-13 21:17:56,931] - Dispatcher 'mainDispatcher' - 5592937198 - openMagaz
#INFO [2024-12-13 21:17:59,327] - Dispatcher 'mainDispatcher' - 5592937198 - cat_1
#INFO [2024-12-13 21:18:06,619] - Dispatcher 'mainDispatcher' - 5592937198 - subca_4
#INFO [2024-12-13 21:18:11,309] - Dispatcher 'mainDispatcher' - 5592937198 - back_to_categories
#INFO [2024-12-13 21:18:13,136] - Dispatcher 'mainDispatcher' - 5592937198 - cat_2
#INFO [2024-12-13 21:18:29,335] - Dispatcher 'mainDispatcher' - 5592937198 - back_to_categories
#INFO [2024-12-13 21:18:31,448] - Dispatcher 'mainDispatcher' - 5592937198 - mainMenu
#INFO [2024-12-13 21:18:32,817] - Dispatcher 'mainDispatcher' - 5592937198 - openMagaz
#INFO [2024-12-13 21:34:23,082] - Dispatcher 'mainDispatcher' - 5592937198 - cat_1
#INFO [2024-12-13 21:34:31,328] - Dispatcher 'mainDispatcher' - 5592937198 - subca_4
#INFO [2024-12-13 21:36:33,094] - Dispatcher 'mainDispatcher' - 5592937198 - item_1
#INFO [2024-12-13 21:36:39,037] - Dispatcher 'mainDispatcher' - 5592937198 - backSub
#INFO [2024-12-13 21:53:05,706] - Dispatcher 'mainDispatcher' - 5592937198 - back_to_categories
#INFO [2024-12-13 21:53:07,858] - Dispatcher 'mainDispatcher' - 5592937198 - cat_1
#INFO [2024-12-13 21:53:18,309] - Dispatcher 'mainDispatcher' - 5592937198 - back_to_categories
#INFO [2024-12-13 21:53:21,318] - Dispatcher 'mainDispatcher' - 5592937198 - cat_2
#INFO [2024-12-13 21:53:24,718] - Dispatcher 'mainDispatcher' - 5592937198 - back_to_categories
#INFO [2024-12-13 21:53:30,240] - Dispatcher 'mainDispatcher' - 5592937198 - mainMenu
#INFO [2024-12-13 21:53:32,130] - Dispatcher 'mainDispatcher' - 5592937198 - openMagaz
#INFO [2024-12-13 21:53:49,052] - Dispatcher 'mainDispatcher' - 5592937198 - cat_1
#INFO [2024-12-13 21:55:55,841] - Dispatcher 'mainDispatcher' - 5592937198 - back_to_categories
#INFO [2024-12-13 21:55:55,843] - Dispatcher 'mainDispatcher' - 5592937198 - subca_4
#INFO [2024-12-13 21:55:57,513] - Dispatcher 'mainDispatcher' - 5592937198 - cat_1
#INFO [2024-12-13 22:04:01,219] - Dispatcher 'mainDispatcher' - 5592937198 - back_to_categories
#INFO [2024-12-13 22:04:05,221] - Dispatcher 'mainDispatcher' - 5592937198 - cat_1
#INFO [2024-12-13 22:04:42,862] - Dispatcher 'mainDispatcher' - 5592937198 - subca_4
#INFO [2024-12-13 22:05:19,433] - Router 'commandRouter' - 5592937198 - /start
#INFO [2024-12-13 22:05:21,356] - Dispatcher 'mainDispatcher' - 5592937198 - openMagaz
#INFO [2024-12-13 22:05:23,130] - Dispatcher 'mainDispatcher' - 5592937198 - cat_1
#INFO [2024-12-13 22:05:25,656] - Dispatcher 'mainDispatcher' - 5592937198 - subca_4
#INFO [2024-12-13 22:05:29,126] - Dispatcher 'mainDispatcher' - 5592937198 - back_to_categories
#INFO [2024-12-13 22:06:56,612] - Dispatcher 'mainDispatcher' - 5592937198 - cat_1
#INFO [2024-12-13 22:07:09,512] - Dispatcher 'mainDispatcher' - 5592937198 - subca_4
#INFO [2024-12-13 22:07:43,405] - Dispatcher 'mainDispatcher' - 5592937198 - back_to_categories
#INFO [2024-12-13 22:07:50,740] - Dispatcher 'mainDispatcher' - 5592937198 - cat_1
#INFO [2024-12-13 22:07:52,706] - Dispatcher 'mainDispatcher' - 5592937198 - subca_6
#INFO [2024-12-13 22:08:02,613] - Dispatcher 'mainDispatcher' - 5592937198 - back_to_categories
#INFO [2024-12-13 22:08:05,587] - Dispatcher 'mainDispatcher' - 5592937198 - cat_1
#INFO [2024-12-14 12:44:55,999] - Dispatcher 'mainDispatcher' - 5592937198 - back_to_categories
#INFO [2024-12-14 12:45:01,189] - Dispatcher 'mainDispatcher' - 5592937198 - cat_1
#INFO [2024-12-14 12:47:24,903] - Dispatcher 'mainDispatcher' - 5592937198 - back_to_categories
#INFO [2024-12-14 12:47:31,489] - Dispatcher 'mainDispatcher' - 5592937198 - cat_1
#INFO [2024-12-14 12:47:42,985] - Dispatcher 'mainDispatcher' - 5592937198 - subca_4
#INFO [2024-12-14 12:49:16,579] - Dispatcher 'mainDispatcher' - 5592937198 - item_1
#INFO [2024-12-14 12:49:27,022] - Dispatcher 'mainDispatcher' - 5592937198 - backSub
#INFO [2024-12-14 12:49:41,365] - Dispatcher 'mainDispatcher' - 5592937198 - back_to_categories
#INFO [2024-12-14 12:49:43,025] - Dispatcher 'mainDispatcher' - 5592937198 - cat_1
#INFO [2024-12-14 12:49:44,285] - Dispatcher 'mainDispatcher' - 5592937198 - subca_4
#INFO [2024-12-14 12:49:45,963] - Dispatcher 'mainDispatcher' - 5592937198 - item_1
#INFO [2024-12-14 12:50:02,052] - Dispatcher 'mainDispatcher' - 5592937198 - backSub
#INFO [2024-12-14 12:50:03,733] - Dispatcher 'mainDispatcher' - 5592937198 - item_1
#INFO [2024-12-14 12:50:27,128] - Router 'commandRouter' - 5592937198 - /start
#INFO [2024-12-14 12:50:28,631] - Dispatcher 'mainDispatcher' - 5592937198 - openMagaz
#INFO [2024-12-14 12:50:30,120] - Dispatcher 'mainDispatcher' - 5592937198 - cat_1
#INFO [2024-12-14 12:50:31,438] - Dispatcher 'mainDispatcher' - 5592937198 - subca_4
#INFO [2024-12-14 12:50:33,296] - Dispatcher 'mainDispatcher' - 5592937198 - item_1
#INFO [2024-12-14 12:51:08,804] - Router 'commandRouter' - 5592937198 - /start
#INFO [2024-12-14 12:51:10,494] - Dispatcher 'mainDispatcher' - 5592937198 - openMagaz
#INFO [2024-12-14 12:51:12,249] - Dispatcher 'mainDispatcher' - 5592937198 - cat_1
#INFO [2024-12-14 12:51:13,325] - Dispatcher 'mainDispatcher' - 5592937198 - subca_4
#INFO [2024-12-14 12:51:14,741] - Dispatcher 'mainDispatcher' - 5592937198 - item_1
#INFO [2024-12-14 12:58:45,790] - Dispatcher 'mainDispatcher' - 5592937198 - backSub
#INFO [2024-12-14 13:01:12,216] - Dispatcher 'mainDispatcher' - 5592937198 - back_to_categories
#INFO [2024-12-14 13:02:31,240] - Dispatcher 'mainDispatcher' - 5592937198 - cat_1
#INFO [2024-12-14 13:02:34,309] - Dispatcher 'mainDispatcher' - 5592937198 - subca_6
#INFO [2024-12-14 13:02:39,347] - Dispatcher 'mainDispatcher' - 5592937198 - item_3
#INFO [2024-12-14 13:02:49,878] - Dispatcher 'mainDispatcher' - 5592937198 - backSub
#INFO [2024-12-14 13:02:51,294] - Dispatcher 'mainDispatcher' - 5592937198 - item_1
#INFO [2024-12-14 13:04:39,104] - Router 'commandRouter' - 5592937198 - /start
#INFO [2024-12-14 13:04:40,803] - Dispatcher 'mainDispatcher' - 5592937198 - openMagaz
#INFO [2024-12-14 13:04:45,111] - Dispatcher 'mainDispatcher' - 5592937198 - cat_1
#INFO [2024-12-14 13:04:49,862] - Dispatcher 'mainDispatcher' - 5592937198 - subca_6
#INFO [2024-12-14 13:04:59,137] - Dispatcher 'mainDispatcher' - 5592937198 - item_1
#INFO [2024-12-14 13:05:01,823] - Dispatcher 'mainDispatcher' - 5592937198 - backSub
#INFO [2024-12-14 13:05:02,832] - Dispatcher 'mainDispatcher' - 5592937198 - item_3
#INFO [2024-12-14 13:05:04,264] - Dispatcher 'mainDispatcher' - 5592937198 - backSub
#INFO [2024-12-14 15:43:50,236] - Dispatcher 'mainDispatcher' - 5592937198 - back_to_categories
#INFO [2024-12-14 15:43:51,845] - Dispatcher 'mainDispatcher' - 5592937198 - cat_1
#INFO [2024-12-14 15:44:21,014] - Dispatcher 'mainDispatcher' - 5592937198 - back_to_categories
#INFO [2024-12-14 15:44:22,837] - Dispatcher 'mainDispatcher' - 5592937198 - mainMenu
#INFO [2024-12-14 15:44:24,585] - Dispatcher 'mainDispatcher' - 5592937198 - openMagaz
#INFO [2024-12-14 15:44:30,836] - Dispatcher 'mainDispatcher' - 5592937198 - cat_1
#INFO [2024-12-14 15:44:46,189] - Dispatcher 'mainDispatcher' - 5592937198 - subca_4
#INFO [2024-12-14 15:44:54,672] - Dispatcher 'mainDispatcher' - 5592937198 - back_to_categories
#INFO [2024-12-14 15:46:45,790] - Dispatcher 'mainDispatcher' - 5592937198 - mainMenu
#INFO [2024-12-14 15:46:47,869] - Dispatcher 'mainDispatcher' - 5592937198 - openMagaz
#INFO [2024-12-14 15:46:52,741] - Dispatcher 'mainDispatcher' - 5592937198 - cat_1
#INFO [2024-12-14 15:47:11,408] - Dispatcher 'mainDispatcher' - 5592937198 - openMagaz
#INFO [2024-12-14 15:47:13,267] - Dispatcher 'mainDispatcher' - 5592937198 - cat_1
#INFO [2024-12-14 15:47:41,415] - Dispatcher 'mainDispatcher' - 5592937198 - back_to_categories
#INFO [2024-12-14 15:47:43,393] - Dispatcher 'mainDispatcher' - 5592937198 - cat_1
#INFO [2024-12-14 15:47:47,714] - Dispatcher 'mainDispatcher' - 5592937198 - subca_4
#INFO [2024-12-14 15:48:37,268] - Dispatcher 'mainDispatcher' - 5592937198 - backSub
#INFO [2024-12-14 15:48:42,141] - Dispatcher 'mainDispatcher' - 5592937198 - back_to_categories
#INFO [2024-12-14 15:48:43,702] - Dispatcher 'mainDispatcher' - 5592937198 - cat_1
#INFO [2024-12-14 15:48:45,185] - Dispatcher 'mainDispatcher' - 5592937198 - subca_5
#INFO [2024-12-14 15:50:36,525] - Router 'commandRouter' - 5592937198 - /start
#INFO [2024-12-14 15:50:38,077] - Dispatcher 'mainDispatcher' - 5592937198 - openMagaz
#INFO [2024-12-14 15:50:40,079] - Dispatcher 'mainDispatcher' - 5592937198 - cat_1
#INFO [2024-12-14 15:50:41,312] - Dispatcher 'mainDispatcher' - 5592937198 - subca_5
#INFO [2024-12-14 15:51:44,174] - Dispatcher 'mainDispatcher' - 5592937198 - openMagaz
#INFO [2024-12-14 15:51:51,979] - Dispatcher 'mainDispatcher' - 5592937198 - mainMenu
#INFO [2024-12-14 15:51:53,539] - Dispatcher 'mainDispatcher' - 5592937198 - openMagaz
#INFO [2024-12-14 15:51:55,284] - Dispatcher 'mainDispatcher' - 5592937198 - cat_1
#INFO [2024-12-14 15:51:57,789] - Dispatcher 'mainDispatcher' - 5592937198 - subca_5
#INFO [2024-12-14 15:53:25,991] - Router 'commandRouter' - 5592937198 - /start
#INFO [2024-12-14 15:53:27,334] - Dispatcher 'mainDispatcher' - 5592937198 - openMagaz
#INFO [2024-12-14 15:53:28,973] - Dispatcher 'mainDispatcher' - 5592937198 - cat_1
#INFO [2024-12-14 15:53:35,473] - Dispatcher 'mainDispatcher' - 5592937198 - subca_5
#INFO [2024-12-14 15:55:11,418] - Router 'commandRouter' - 5592937198 - /start
#INFO [2024-12-14 15:55:11,420] - Dispatcher 'mainDispatcher' - 5592937198 - openMagaz
#INFO [2024-12-14 15:55:14,187] - Dispatcher 'mainDispatcher' - 5592937198 - cat_1
#INFO [2024-12-14 15:55:15,403] - Dispatcher 'mainDispatcher' - 5592937198 - subca_4
#INFO [2024-12-14 15:55:56,329] - Router 'commandRouter' - 5592937198 - /start
#INFO [2024-12-14 15:55:57,754] - Dispatcher 'mainDispatcher' - 5592937198 - openMagaz
#INFO [2024-12-14 15:55:58,945] - Dispatcher 'mainDispatcher' - 5592937198 - cat_1
#INFO [2024-12-14 15:56:00,474] - Dispatcher 'mainDispatcher' - 5592937198 - subca_4
#INFO [2024-12-14 15:57:08,651] - Dispatcher 'mainDispatcher' - 5592937198 - back_to_categories
#INFO [2024-12-14 15:57:12,780] - Dispatcher 'mainDispatcher' - 5592937198 - cat_1
#INFO [2024-12-14 15:58:17,162] - Dispatcher 'mainDispatcher' - 5592937198 - back_to_categories
#INFO [2024-12-14 15:58:18,876] - Dispatcher 'mainDispatcher' - 5592937198 - cat_1
#INFO [2024-12-14 15:58:20,349] - Dispatcher 'mainDispatcher' - 5592937198 - subca_4
#INFO [2024-12-14 15:58:22,937] - Dispatcher 'mainDispatcher' - 5592937198 - item_1
#INFO [2024-12-14 15:58:40,582] - Router 'commandRouter' - 5592937198 - /start
#INFO [2024-12-14 15:58:41,718] - Dispatcher 'mainDispatcher' - 5592937198 - openMagaz
#INFO [2024-12-14 15:58:43,458] - Dispatcher 'mainDispatcher' - 5592937198 - cat_1
#INFO [2024-12-14 15:58:44,802] - Dispatcher 'mainDispatcher' - 5592937198 - subca_4
#INFO [2024-12-14 15:58:48,705] - Dispatcher 'mainDispatcher' - 5592937198 - item_1
#INFO [2024-12-14 15:59:10,850] - Router 'commandRouter' - 5592937198 - /start
#INFO [2024-12-14 15:59:12,361] - Dispatcher 'mainDispatcher' - 5592937198 - openMagaz
#INFO [2024-12-14 15:59:13,841] - Dispatcher 'mainDispatcher' - 5592937198 - cat_1
#INFO [2024-12-14 15:59:15,535] - Dispatcher 'mainDispatcher' - 5592937198 - subca_4
#INFO [2024-12-14 15:59:47,433] - Router 'commandRouter' - 5592937198 - /start
#INFO [2024-12-14 15:59:49,029] - Dispatcher 'mainDispatcher' - 5592937198 - openMagaz
#INFO [2024-12-14 15:59:50,531] - Dispatcher 'mainDispatcher' - 5592937198 - cat_1
#INFO [2024-12-14 15:59:51,769] - Dispatcher 'mainDispatcher' - 5592937198 - subca_4
#INFO [2024-12-14 15:59:53,241] - Dispatcher 'mainDispatcher' - 5592937198 - item_1
#INFO [2024-12-14 16:11:45,078] - Dispatcher 'mainDispatcher' - 5592937198 - backSub
#INFO [2024-12-14 16:13:30,681] - Dispatcher 'mainDispatcher' - 5592937198 - back_to_categories
#INFO [2024-12-14 16:13:32,355] - Dispatcher 'mainDispatcher' - 5592937198 - cat_1
#INFO [2024-12-14 16:13:46,325] - Dispatcher 'mainDispatcher' - 5592937198 - subca_4
#INFO [2024-12-14 16:14:13,639] - Router 'commandRouter' - 5592937198 - /start
#INFO [2024-12-14 16:14:14,961] - Dispatcher 'mainDispatcher' - 5592937198 - openMagaz
#INFO [2024-12-14 16:14:16,258] - Dispatcher 'mainDispatcher' - 5592937198 - cat_1
#INFO [2024-12-14 16:14:17,723] - Dispatcher 'mainDispatcher' - 5592937198 - subca_4
#INFO [2024-12-14 16:14:19,832] - Dispatcher 'mainDispatcher' - 5592937198 - item_1
#INFO [2024-12-14 16:14:33,191] - Dispatcher 'mainDispatcher' - 5592937198 - back_to_categories
#INFO [2024-12-14 16:14:34,697] - Dispatcher 'mainDispatcher' - 5592937198 - cat_1
#INFO [2024-12-14 16:14:36,270] - Dispatcher 'mainDispatcher' - 5592937198 - subca_4
#INFO [2024-12-14 16:14:38,744] - Dispatcher 'mainDispatcher' - 5592937198 - item_1
#INFO [2024-12-14 16:14:46,419] - Dispatcher 'mainDispatcher' - 5592937198 - openMagaz
#INFO [2024-12-14 16:14:47,806] - Dispatcher 'mainDispatcher' - 5592937198 - cat_1
#INFO [2024-12-14 16:14:49,039] - Dispatcher 'mainDispatcher' - 5592937198 - subca_4
#INFO [2024-12-14 16:14:52,913] - Dispatcher 'mainDispatcher' - 5592937198 - item_1
#INFO [2024-12-14 16:15:21,193] - Router 'commandRouter' - 5592937198 - /start
#INFO [2024-12-14 16:15:22,859] - Dispatcher 'mainDispatcher' - 5592937198 - openMagaz
#INFO [2024-12-14 16:15:24,149] - Dispatcher 'mainDispatcher' - 5592937198 - cat_1
#INFO [2024-12-14 16:15:25,618] - Dispatcher 'mainDispatcher' - 5592937198 - subca_4
#INFO [2024-12-14 16:15:27,051] - Dispatcher 'mainDispatcher' - 5592937198 - item_1
#INFO [2024-12-14 16:17:03,962] - Router 'commandRouter' - 5592937198 - /start
#INFO [2024-12-14 16:17:05,816] - Dispatcher 'mainDispatcher' - 5592937198 - openMagaz
#INFO [2024-12-14 16:17:07,486] - Dispatcher 'mainDispatcher' - 5592937198 - cat_1
#INFO [2024-12-14 16:17:13,400] - Dispatcher 'mainDispatcher' - 5592937198 - subca_4
#INFO [2024-12-14 16:17:15,150] - Dispatcher 'mainDispatcher' - 5592937198 - item_1
#INFO [2024-12-14 16:17:18,176] - Dispatcher 'mainDispatcher' - 5592937198 - backSub
#INFO [2024-12-14 16:17:19,337] - Dispatcher 'mainDispatcher' - 5592937198 - item_2
#INFO [2024-12-14 16:17:42,961] - Router 'commandRouter' - 5592937198 - /start
#INFO [2024-12-14 16:17:44,611] - Dispatcher 'mainDispatcher' - 5592937198 - openMagaz
#INFO [2024-12-14 16:17:46,689] - Dispatcher 'mainDispatcher' - 5592937198 - cat_1
#INFO [2024-12-14 16:17:48,020] - Dispatcher 'mainDispatcher' - 5592937198 - subca_4
#INFO [2024-12-14 16:17:49,519] - Dispatcher 'mainDispatcher' - 5592937198 - item_1
#INFO [2024-12-14 16:17:51,517] - Dispatcher 'mainDispatcher' - 5592937198 - backSub
#INFO [2024-12-14 16:17:54,307] - Dispatcher 'mainDispatcher' - 5592937198 - item_2
